c:\users\bilal\onedrive - staffordshire university\sem 2\test\marioproject\marioproject\debug\vc142.pdb
c:\users\bilal\onedrive - staffordshire university\sem 2\test\marioproject\marioproject\debug\vc142.idb
c:\users\bilal\onedrive - staffordshire university\sem 2\test\marioproject\marioproject\debug\texture2d.obj
c:\users\bilal\onedrive - staffordshire university\sem 2\test\marioproject\marioproject\debug\powblock.obj
c:\users\bilal\onedrive - staffordshire university\sem 2\test\marioproject\marioproject\debug\marioproject.obj
c:\users\bilal\onedrive - staffordshire university\sem 2\test\marioproject\marioproject\debug\mario.obj
c:\users\bilal\onedrive - staffordshire university\sem 2\test\marioproject\marioproject\debug\luigi.obj
c:\users\bilal\onedrive - staffordshire university\sem 2\test\marioproject\marioproject\debug\levelmap.obj
c:\users\bilal\onedrive - staffordshire university\sem 2\test\marioproject\marioproject\debug\gamescreenmanager.obj
c:\users\bilal\onedrive - staffordshire university\sem 2\test\marioproject\marioproject\debug\gamescreenlevel1.obj
c:\users\bilal\onedrive - staffordshire university\sem 2\test\marioproject\marioproject\debug\gamescreen.obj
c:\users\bilal\onedrive - staffordshire university\sem 2\test\marioproject\marioproject\debug\collisions.obj
c:\users\bilal\onedrive - staffordshire university\sem 2\test\marioproject\marioproject\debug\coin.obj
c:\users\bilal\onedrive - staffordshire university\sem 2\test\marioproject\marioproject\debug\characterkoopa.obj
c:\users\bilal\onedrive - staffordshire university\sem 2\test\marioproject\marioproject\debug\character.obj
c:\users\bilal\onedrive - staffordshire university\sem 2\test\marioproject\marioproject\debug\gamescreenlevel2.obj
c:\users\bilal\onedrive - staffordshire university\sem 2\test\marioproject\marioproject\debug\gamescreenmenu.obj
c:\users\bilal\onedrive - staffordshire university\sem 2\test\marioproject\marioproject\debug\marioproject.ilk
c:\users\bilal\onedrive - staffordshire university\sem 2\test\marioproject\debug\marioproject.exe
c:\users\bilal\onedrive - staffordshire university\sem 2\test\marioproject\debug\marioproject.pdb
c:\users\bilal\onedrive - staffordshire university\sem 2\test\marioproject\marioproject\debug\marioproject.tlog\cl.command.1.tlog
c:\users\bilal\onedrive - staffordshire university\sem 2\test\marioproject\marioproject\debug\marioproject.tlog\cl.read.1.tlog
c:\users\bilal\onedrive - staffordshire university\sem 2\test\marioproject\marioproject\debug\marioproject.tlog\cl.write.1.tlog
c:\users\bilal\onedrive - staffordshire university\sem 2\test\marioproject\marioproject\debug\marioproject.tlog\link.command.1.tlog
c:\users\bilal\onedrive - staffordshire university\sem 2\test\marioproject\marioproject\debug\marioproject.tlog\link.read.1.tlog
c:\users\bilal\onedrive - staffordshire university\sem 2\test\marioproject\marioproject\debug\marioproject.tlog\link.write.1.tlog
